"blank"			"=========================="
"blank"			"Garry's Mod specific"
"blank"			"=========================="
"+menu"				"Show Menu"
"+menu_context"		"Show Context Menu"
"+gm_wheelb"		"Wheels Backwards"
"+gm_wheelf"		"Wheels Forwards"
"+gm_thrust 7"		"Thruster 7"
"+gm_thrust 8"		"Thruster 8"
"+gm_thrust 9"		"Thruster 9"
"+gm_thrust 4"		"Thruster 4"
"+gm_thrust 5"		"Thruster 5"
"+gm_thrust 6"		"Thruster 6"
"+gm_thrust 1"		"Thruster 1"
"+gm_thrust 2"		"Thruster 2"
"+gm_thrust 3"		"Thruster 3"
"+gm_thrust 0"		"Thruster 0"
"+gm_cam_prop"		"View through Prop Cam"
"+gm_cam_static"		"View through Static Cam"
"+gm_cam_view"		"View through View Cam"
"gm_explode"		"Ignite your dynamite"
"gmod_undo"			"Undo"
"blank"			"=========================="
"blank"			"#Valve_Movement_Title"
"blank"			"=========================="
"+forward"				"#Valve_Move_Forward"
"+back"					"#Valve_Move_Back"
"+moveleft"				"#Valve_Move_Left"
"+moveright"			"#Valve_Move_Right"
"+speed"             	"#Valve_Sprint"
"+jump"					"#Valve_Jump"
"+duck"					"#Valve_Duck"
"blank"			"=========================="
"blank"			"#Valve_Combat_Title"
"blank"			"=========================="
"+attack"				"#Valve_Primary_Attack"
"+attack2"				"#Valve_Secondary_Attack"
"+reload"				"#Valve_Reload_Weapon"
"+use"					"#Valve_Use_Items"
"phys_swap"				"#Valve_Gravity_Gun"
"impulse 100"			"#Valve_Flashlight"
"+zoom"					"#Valve_Suit_Zoom"
"slot1"					"#Valve_Weapon_Category_1"
"slot2"					"#Valve_Weapon_Category_2"
"slot3" 				"#Valve_Weapon_Category_3"
"slot4"					"#Valve_Weapon_Category_4"
"slot5"					"#Valve_Weapon_Category_5"
"slot6"					"#Valve_Weapon_Category_6"
"invnext"				"#Valve_Next_Weapon"
"invprev"				"#Valve_Previous_Weapon"
"lastinv"				"#Valve_Last_Weapon_Used"
"blank"			"=========================="
"blank"			"#Valve_Communication_Title"
"blank"			"=========================="
"+voicerecord"			"#Valve_Use_Voice_Communication"
"messagemode"			"#Valve_Chat_Message"
"messagemode2"			"#Valve_Team_Message"
"blank"			"=========================="
"blank"			"#Valve_Miscellaneous_Title"
"blank"			"=========================="
"jpeg"					"#Valve_Take_Screen_Shot"
"+showscores"			"#Valve_Display_Scores"
"impulse 201"			"#Valve_Spray_Logo"
"pause"					"#Valve_Pause_Game"
"quit"					"#Valve_Quit_Game"
"blank"			"=========================="
"blank"			"#Valve_Miscellaneous_Keyboard_Keys_Title"
"blank"			"=========================="
"+walk"             	"#Valve_Walk"
"+left"					"#Valve_Turn_Left"
"+right"				"#Valve_Turn_Right"
"+moveup"				"#Valve_Swim_Up"
"+movedown"				"#Valve_Swim_Down"
"+lookup"				"#Valve_Look_Up"
"+lookdown"				"#Valve_Look_Down"
"+strafe"				"#Valve_Strafe_Modifier"
"+klook"				"#Valve_Keyboard_Look_Modifier"

